{"C:\\Users\\bened\\Desktop\\Uni\\Sem 6 - Test\\Mandatory 1\\controller.js": {"path":"C:\\Users\\bened\\Desktop\\Uni\\Sem 6 - Test\\Mandatory 1\\controller.js","statementMap":{"0":{"start":{"line":3,"column":8},"end":{"line":3,"column":35}},"1":{"start":{"line":4,"column":8},"end":{"line":4,"column":41}},"2":{"start":{"line":5,"column":8},"end":{"line":5,"column":43}},"3":{"start":{"line":8,"column":13},"end":{"line":8,"column":14}},"4":{"start":{"line":9,"column":13},"end":{"line":9,"column":14}},"5":{"start":{"line":10,"column":17},"end":{"line":10,"column":18}},"6":{"start":{"line":11,"column":17},"end":{"line":11,"column":18}},"7":{"start":{"line":12,"column":16},"end":{"line":12,"column":17}},"8":{"start":{"line":14,"column":23},"end":{"line":14,"column":24}},"9":{"start":{"line":18,"column":8},"end":{"line":21,"column":9}},"10":{"start":{"line":19,"column":12},"end":{"line":19,"column":102}},"11":{"start":{"line":20,"column":12},"end":{"line":20,"column":34}},"12":{"start":{"line":26,"column":8},"end":{"line":59,"column":9}},"13":{"start":{"line":27,"column":12},"end":{"line":45,"column":13}},"14":{"start":{"line":29,"column":16},"end":{"line":29,"column":35}},"15":{"start":{"line":30,"column":16},"end":{"line":30,"column":46}},"16":{"start":{"line":31,"column":16},"end":{"line":31,"column":37}},"17":{"start":{"line":32,"column":16},"end":{"line":32,"column":32}},"18":{"start":{"line":34,"column":16},"end":{"line":41,"column":17}},"19":{"start":{"line":35,"column":20},"end":{"line":35,"column":78}},"20":{"start":{"line":36,"column":20},"end":{"line":36,"column":46}},"21":{"start":{"line":37,"column":20},"end":{"line":37,"column":84}},"22":{"start":{"line":38,"column":20},"end":{"line":38,"column":46}},"23":{"start":{"line":39,"column":20},"end":{"line":39,"column":39}},"24":{"start":{"line":40,"column":20},"end":{"line":40,"column":50}},"25":{"start":{"line":43,"column":16},"end":{"line":43,"column":35}},"26":{"start":{"line":44,"column":16},"end":{"line":44,"column":32}},"27":{"start":{"line":48,"column":12},"end":{"line":58,"column":13}},"28":{"start":{"line":49,"column":16},"end":{"line":49,"column":37}},"29":{"start":{"line":50,"column":16},"end":{"line":57,"column":17}},"30":{"start":{"line":51,"column":20},"end":{"line":56,"column":21}},"31":{"start":{"line":52,"column":24},"end":{"line":52,"column":43}},"32":{"start":{"line":53,"column":24},"end":{"line":53,"column":54}},"33":{"start":{"line":54,"column":24},"end":{"line":54,"column":45}},"34":{"start":{"line":55,"column":24},"end":{"line":55,"column":40}},"35":{"start":{"line":62,"column":8},"end":{"line":69,"column":9}},"36":{"start":{"line":63,"column":12},"end":{"line":68,"column":13}},"37":{"start":{"line":64,"column":16},"end":{"line":64,"column":58}},"38":{"start":{"line":65,"column":16},"end":{"line":65,"column":38}},"39":{"start":{"line":67,"column":16},"end":{"line":67,"column":43}},"40":{"start":{"line":72,"column":8},"end":{"line":72,"column":27}},"41":{"start":{"line":77,"column":8},"end":{"line":77,"column":24}},"42":{"start":{"line":81,"column":8},"end":{"line":93,"column":9}},"43":{"start":{"line":82,"column":12},"end":{"line":82,"column":35}},"44":{"start":{"line":84,"column":12},"end":{"line":92,"column":13}},"45":{"start":{"line":85,"column":16},"end":{"line":85,"column":32}},"46":{"start":{"line":86,"column":16},"end":{"line":86,"column":32}},"47":{"start":{"line":87,"column":19},"end":{"line":92,"column":13}},"48":{"start":{"line":88,"column":16},"end":{"line":88,"column":32}},"49":{"start":{"line":89,"column":16},"end":{"line":89,"column":33}},"50":{"start":{"line":91,"column":16},"end":{"line":91,"column":33}},"51":{"start":{"line":99,"column":8},"end":{"line":116,"column":9}},"52":{"start":{"line":100,"column":12},"end":{"line":107,"column":13}},"53":{"start":{"line":101,"column":16},"end":{"line":101,"column":36}},"54":{"start":{"line":102,"column":16},"end":{"line":102,"column":35}},"55":{"start":{"line":104,"column":16},"end":{"line":104,"column":37}},"56":{"start":{"line":106,"column":16},"end":{"line":106,"column":44}},"57":{"start":{"line":109,"column":12},"end":{"line":115,"column":13}},"58":{"start":{"line":110,"column":16},"end":{"line":110,"column":36}},"59":{"start":{"line":111,"column":16},"end":{"line":111,"column":35}},"60":{"start":{"line":113,"column":16},"end":{"line":113,"column":49}},"61":{"start":{"line":114,"column":16},"end":{"line":114,"column":48}},"62":{"start":{"line":122,"column":20},"end":{"line":122,"column":31}},"63":{"start":{"line":123,"column":20},"end":{"line":123,"column":37}},"64":{"start":{"line":125,"column":8},"end":{"line":143,"column":9}},"65":{"start":{"line":126,"column":12},"end":{"line":126,"column":32}},"66":{"start":{"line":127,"column":15},"end":{"line":143,"column":9}},"67":{"start":{"line":128,"column":12},"end":{"line":128,"column":32}},"68":{"start":{"line":129,"column":15},"end":{"line":143,"column":9}},"69":{"start":{"line":130,"column":12},"end":{"line":130,"column":32}},"70":{"start":{"line":131,"column":15},"end":{"line":143,"column":9}},"71":{"start":{"line":132,"column":12},"end":{"line":132,"column":32}},"72":{"start":{"line":133,"column":15},"end":{"line":143,"column":9}},"73":{"start":{"line":134,"column":12},"end":{"line":134,"column":32}},"74":{"start":{"line":135,"column":15},"end":{"line":143,"column":9}},"75":{"start":{"line":136,"column":12},"end":{"line":136,"column":32}},"76":{"start":{"line":137,"column":15},"end":{"line":143,"column":9}},"77":{"start":{"line":138,"column":12},"end":{"line":138,"column":32}},"78":{"start":{"line":139,"column":15},"end":{"line":143,"column":9}},"79":{"start":{"line":140,"column":12},"end":{"line":140,"column":32}},"80":{"start":{"line":141,"column":15},"end":{"line":143,"column":9}},"81":{"start":{"line":142,"column":12},"end":{"line":142,"column":32}},"82":{"start":{"line":147,"column":8},"end":{"line":149,"column":9}},"83":{"start":{"line":148,"column":12},"end":{"line":148,"column":25}},"84":{"start":{"line":151,"column":8},"end":{"line":153,"column":9}},"85":{"start":{"line":152,"column":12},"end":{"line":152,"column":25}},"86":{"start":{"line":155,"column":8},"end":{"line":155,"column":20}},"87":{"start":{"line":159,"column":8},"end":{"line":167,"column":9}},"88":{"start":{"line":160,"column":12},"end":{"line":166,"column":13}},"89":{"start":{"line":161,"column":16},"end":{"line":161,"column":43}},"90":{"start":{"line":162,"column":16},"end":{"line":162,"column":29}},"91":{"start":{"line":164,"column":16},"end":{"line":164,"column":25}},"92":{"start":{"line":165,"column":16},"end":{"line":165,"column":44}},"93":{"start":{"line":168,"column":8},"end":{"line":168,"column":20}},"94":{"start":{"line":172,"column":8},"end":{"line":172,"column":34}},"95":{"start":{"line":173,"column":8},"end":{"line":173,"column":58}},"96":{"start":{"line":174,"column":8},"end":{"line":174,"column":58}},"97":{"start":{"line":175,"column":8},"end":{"line":175,"column":66}},"98":{"start":{"line":176,"column":8},"end":{"line":176,"column":66}},"99":{"start":{"line":177,"column":8},"end":{"line":177,"column":64}},"100":{"start":{"line":178,"column":8},"end":{"line":178,"column":70}},"101":{"start":{"line":179,"column":8},"end":{"line":179,"column":34}},"102":{"start":{"line":183,"column":0},"end":{"line":183,"column":31}}},"fnMap":{"0":{"name":"(anonymous_0)","decl":{"start":{"line":2,"column":4},"end":{"line":2,"column":5}},"loc":{"start":{"line":2,"column":56},"end":{"line":6,"column":5}},"line":2},"1":{"name":"(anonymous_1)","decl":{"start":{"line":16,"column":4},"end":{"line":16,"column":5}},"loc":{"start":{"line":16,"column":15},"end":{"line":78,"column":5}},"line":16},"2":{"name":"(anonymous_2)","decl":{"start":{"line":80,"column":4},"end":{"line":80,"column":5}},"loc":{"start":{"line":80,"column":18},"end":{"line":96,"column":5}},"line":80},"3":{"name":"(anonymous_3)","decl":{"start":{"line":98,"column":4},"end":{"line":98,"column":5}},"loc":{"start":{"line":98,"column":20},"end":{"line":119,"column":5}},"line":98},"4":{"name":"(anonymous_4)","decl":{"start":{"line":121,"column":4},"end":{"line":121,"column":5}},"loc":{"start":{"line":121,"column":21},"end":{"line":156,"column":5}},"line":121},"5":{"name":"(anonymous_5)","decl":{"start":{"line":158,"column":4},"end":{"line":158,"column":5}},"loc":{"start":{"line":158,"column":20},"end":{"line":169,"column":5}},"line":158},"6":{"name":"(anonymous_6)","decl":{"start":{"line":171,"column":4},"end":{"line":171,"column":5}},"loc":{"start":{"line":171,"column":22},"end":{"line":180,"column":5}},"line":171}},"branchMap":{"0":{"loc":{"start":{"line":18,"column":8},"end":{"line":21,"column":9}},"type":"if","locations":[{"start":{"line":18,"column":8},"end":{"line":21,"column":9}},{"start":{"line":18,"column":8},"end":{"line":21,"column":9}}],"line":18},"1":{"loc":{"start":{"line":26,"column":8},"end":{"line":59,"column":9}},"type":"if","locations":[{"start":{"line":26,"column":8},"end":{"line":59,"column":9}},{"start":{"line":26,"column":8},"end":{"line":59,"column":9}}],"line":26},"2":{"loc":{"start":{"line":27,"column":12},"end":{"line":45,"column":13}},"type":"if","locations":[{"start":{"line":27,"column":12},"end":{"line":45,"column":13}},{"start":{"line":27,"column":12},"end":{"line":45,"column":13}}],"line":27},"3":{"loc":{"start":{"line":34,"column":16},"end":{"line":41,"column":17}},"type":"if","locations":[{"start":{"line":34,"column":16},"end":{"line":41,"column":17}},{"start":{"line":34,"column":16},"end":{"line":41,"column":17}}],"line":34},"4":{"loc":{"start":{"line":48,"column":12},"end":{"line":58,"column":13}},"type":"if","locations":[{"start":{"line":48,"column":12},"end":{"line":58,"column":13}},{"start":{"line":48,"column":12},"end":{"line":58,"column":13}}],"line":48},"5":{"loc":{"start":{"line":50,"column":16},"end":{"line":57,"column":17}},"type":"if","locations":[{"start":{"line":50,"column":16},"end":{"line":57,"column":17}},{"start":{"line":50,"column":16},"end":{"line":57,"column":17}}],"line":50},"6":{"loc":{"start":{"line":51,"column":20},"end":{"line":56,"column":21}},"type":"if","locations":[{"start":{"line":51,"column":20},"end":{"line":56,"column":21}},{"start":{"line":51,"column":20},"end":{"line":56,"column":21}}],"line":51},"7":{"loc":{"start":{"line":62,"column":8},"end":{"line":69,"column":9}},"type":"if","locations":[{"start":{"line":62,"column":8},"end":{"line":69,"column":9}},{"start":{"line":62,"column":8},"end":{"line":69,"column":9}}],"line":62},"8":{"loc":{"start":{"line":62,"column":11},"end":{"line":62,"column":49}},"type":"binary-expr","locations":[{"start":{"line":62,"column":11},"end":{"line":62,"column":28}},{"start":{"line":62,"column":32},"end":{"line":62,"column":49}}],"line":62},"9":{"loc":{"start":{"line":63,"column":12},"end":{"line":68,"column":13}},"type":"if","locations":[{"start":{"line":63,"column":12},"end":{"line":68,"column":13}},{"start":{"line":63,"column":12},"end":{"line":68,"column":13}}],"line":63},"10":{"loc":{"start":{"line":81,"column":8},"end":{"line":93,"column":9}},"type":"if","locations":[{"start":{"line":81,"column":8},"end":{"line":93,"column":9}},{"start":{"line":81,"column":8},"end":{"line":93,"column":9}}],"line":81},"11":{"loc":{"start":{"line":84,"column":12},"end":{"line":92,"column":13}},"type":"if","locations":[{"start":{"line":84,"column":12},"end":{"line":92,"column":13}},{"start":{"line":84,"column":12},"end":{"line":92,"column":13}}],"line":84},"12":{"loc":{"start":{"line":84,"column":15},"end":{"line":84,"column":53}},"type":"binary-expr","locations":[{"start":{"line":84,"column":15},"end":{"line":84,"column":32}},{"start":{"line":84,"column":36},"end":{"line":84,"column":53}}],"line":84},"13":{"loc":{"start":{"line":87,"column":19},"end":{"line":92,"column":13}},"type":"if","locations":[{"start":{"line":87,"column":19},"end":{"line":92,"column":13}},{"start":{"line":87,"column":19},"end":{"line":92,"column":13}}],"line":87},"14":{"loc":{"start":{"line":99,"column":8},"end":{"line":116,"column":9}},"type":"if","locations":[{"start":{"line":99,"column":8},"end":{"line":116,"column":9}},{"start":{"line":99,"column":8},"end":{"line":116,"column":9}}],"line":99},"15":{"loc":{"start":{"line":100,"column":12},"end":{"line":107,"column":13}},"type":"if","locations":[{"start":{"line":100,"column":12},"end":{"line":107,"column":13}},{"start":{"line":100,"column":12},"end":{"line":107,"column":13}}],"line":100},"16":{"loc":{"start":{"line":109,"column":12},"end":{"line":115,"column":13}},"type":"if","locations":[{"start":{"line":109,"column":12},"end":{"line":115,"column":13}},{"start":{"line":109,"column":12},"end":{"line":115,"column":13}}],"line":109},"17":{"loc":{"start":{"line":125,"column":8},"end":{"line":143,"column":9}},"type":"if","locations":[{"start":{"line":125,"column":8},"end":{"line":143,"column":9}},{"start":{"line":125,"column":8},"end":{"line":143,"column":9}}],"line":125},"18":{"loc":{"start":{"line":125,"column":11},"end":{"line":125,"column":61}},"type":"binary-expr","locations":[{"start":{"line":125,"column":11},"end":{"line":125,"column":34}},{"start":{"line":125,"column":38},"end":{"line":125,"column":61}}],"line":125},"19":{"loc":{"start":{"line":127,"column":15},"end":{"line":143,"column":9}},"type":"if","locations":[{"start":{"line":127,"column":15},"end":{"line":143,"column":9}},{"start":{"line":127,"column":15},"end":{"line":143,"column":9}}],"line":127},"20":{"loc":{"start":{"line":127,"column":18},"end":{"line":127,"column":68}},"type":"binary-expr","locations":[{"start":{"line":127,"column":18},"end":{"line":127,"column":41}},{"start":{"line":127,"column":45},"end":{"line":127,"column":68}}],"line":127},"21":{"loc":{"start":{"line":129,"column":15},"end":{"line":143,"column":9}},"type":"if","locations":[{"start":{"line":129,"column":15},"end":{"line":143,"column":9}},{"start":{"line":129,"column":15},"end":{"line":143,"column":9}}],"line":129},"22":{"loc":{"start":{"line":129,"column":18},"end":{"line":129,"column":68}},"type":"binary-expr","locations":[{"start":{"line":129,"column":18},"end":{"line":129,"column":41}},{"start":{"line":129,"column":45},"end":{"line":129,"column":68}}],"line":129},"23":{"loc":{"start":{"line":131,"column":15},"end":{"line":143,"column":9}},"type":"if","locations":[{"start":{"line":131,"column":15},"end":{"line":143,"column":9}},{"start":{"line":131,"column":15},"end":{"line":143,"column":9}}],"line":131},"24":{"loc":{"start":{"line":131,"column":18},"end":{"line":131,"column":68}},"type":"binary-expr","locations":[{"start":{"line":131,"column":18},"end":{"line":131,"column":41}},{"start":{"line":131,"column":45},"end":{"line":131,"column":68}}],"line":131},"25":{"loc":{"start":{"line":133,"column":15},"end":{"line":143,"column":9}},"type":"if","locations":[{"start":{"line":133,"column":15},"end":{"line":143,"column":9}},{"start":{"line":133,"column":15},"end":{"line":143,"column":9}}],"line":133},"26":{"loc":{"start":{"line":133,"column":18},"end":{"line":133,"column":68}},"type":"binary-expr","locations":[{"start":{"line":133,"column":18},"end":{"line":133,"column":41}},{"start":{"line":133,"column":45},"end":{"line":133,"column":68}}],"line":133},"27":{"loc":{"start":{"line":135,"column":15},"end":{"line":143,"column":9}},"type":"if","locations":[{"start":{"line":135,"column":15},"end":{"line":143,"column":9}},{"start":{"line":135,"column":15},"end":{"line":143,"column":9}}],"line":135},"28":{"loc":{"start":{"line":135,"column":18},"end":{"line":135,"column":68}},"type":"binary-expr","locations":[{"start":{"line":135,"column":18},"end":{"line":135,"column":41}},{"start":{"line":135,"column":45},"end":{"line":135,"column":68}}],"line":135},"29":{"loc":{"start":{"line":137,"column":15},"end":{"line":143,"column":9}},"type":"if","locations":[{"start":{"line":137,"column":15},"end":{"line":143,"column":9}},{"start":{"line":137,"column":15},"end":{"line":143,"column":9}}],"line":137},"30":{"loc":{"start":{"line":137,"column":18},"end":{"line":137,"column":68}},"type":"binary-expr","locations":[{"start":{"line":137,"column":18},"end":{"line":137,"column":41}},{"start":{"line":137,"column":45},"end":{"line":137,"column":68}}],"line":137},"31":{"loc":{"start":{"line":139,"column":15},"end":{"line":143,"column":9}},"type":"if","locations":[{"start":{"line":139,"column":15},"end":{"line":143,"column":9}},{"start":{"line":139,"column":15},"end":{"line":143,"column":9}}],"line":139},"32":{"loc":{"start":{"line":139,"column":18},"end":{"line":139,"column":68}},"type":"binary-expr","locations":[{"start":{"line":139,"column":18},"end":{"line":139,"column":41}},{"start":{"line":139,"column":45},"end":{"line":139,"column":68}}],"line":139},"33":{"loc":{"start":{"line":141,"column":15},"end":{"line":143,"column":9}},"type":"if","locations":[{"start":{"line":141,"column":15},"end":{"line":143,"column":9}},{"start":{"line":141,"column":15},"end":{"line":143,"column":9}}],"line":141},"34":{"loc":{"start":{"line":141,"column":18},"end":{"line":141,"column":68}},"type":"binary-expr","locations":[{"start":{"line":141,"column":18},"end":{"line":141,"column":41}},{"start":{"line":141,"column":45},"end":{"line":141,"column":68}}],"line":141},"35":{"loc":{"start":{"line":147,"column":8},"end":{"line":149,"column":9}},"type":"if","locations":[{"start":{"line":147,"column":8},"end":{"line":149,"column":9}},{"start":{"line":147,"column":8},"end":{"line":149,"column":9}}],"line":147},"36":{"loc":{"start":{"line":151,"column":8},"end":{"line":153,"column":9}},"type":"if","locations":[{"start":{"line":151,"column":8},"end":{"line":153,"column":9}},{"start":{"line":151,"column":8},"end":{"line":153,"column":9}}],"line":151},"37":{"loc":{"start":{"line":159,"column":8},"end":{"line":167,"column":9}},"type":"if","locations":[{"start":{"line":159,"column":8},"end":{"line":167,"column":9}},{"start":{"line":159,"column":8},"end":{"line":167,"column":9}}],"line":159},"38":{"loc":{"start":{"line":160,"column":12},"end":{"line":166,"column":13}},"type":"if","locations":[{"start":{"line":160,"column":12},"end":{"line":166,"column":13}},{"start":{"line":160,"column":12},"end":{"line":166,"column":13}}],"line":160}},"s":{"0":8,"1":8,"2":8,"3":8,"4":8,"5":8,"6":8,"7":8,"8":8,"9":41,"10":1,"11":1,"12":40,"13":12,"14":0,"15":0,"16":0,"17":0,"18":12,"19":3,"20":3,"21":3,"22":3,"23":3,"24":3,"25":12,"26":12,"27":28,"28":3,"29":3,"30":3,"31":0,"32":0,"33":0,"34":0,"35":40,"36":16,"37":16,"38":16,"39":0,"40":24,"41":24,"42":40,"43":12,"44":28,"45":0,"46":0,"47":28,"48":2,"49":2,"50":26,"51":24,"52":18,"53":0,"54":0,"55":18,"56":18,"57":6,"58":2,"59":2,"60":4,"61":4,"62":21,"63":21,"64":21,"65":1,"66":20,"67":1,"68":19,"69":1,"70":18,"71":0,"72":18,"73":1,"74":17,"75":1,"76":16,"77":2,"78":14,"79":5,"80":9,"81":9,"82":21,"83":14,"84":7,"85":2,"86":5,"87":164,"88":146,"89":2,"90":2,"91":144,"92":144,"93":18,"94":0,"95":0,"96":0,"97":0,"98":0,"99":0,"100":0,"101":0,"102":5},"f":{"0":8,"1":41,"2":40,"3":24,"4":21,"5":164,"6":0},"b":{"0":[1,40],"1":[12,28],"2":[0,12],"3":[3,9],"4":[3,25],"5":[3,0],"6":[0,3],"7":[16,24],"8":[40,16],"9":[16,0],"10":[12,28],"11":[0,28],"12":[28,2],"13":[2,26],"14":[18,6],"15":[0,18],"16":[2,4],"17":[1,20],"18":[21,3],"19":[1,19],"20":[20,7],"21":[1,18],"22":[19,11],"23":[0,18],"24":[18,2],"25":[1,17],"26":[18,6],"27":[1,16],"28":[17,10],"29":[2,14],"30":[16,2],"31":[5,9],"32":[14,5],"33":[9,0],"34":[9,9],"35":[14,7],"36":[2,5],"37":[146,18],"38":[2,144]},"_coverageSchema":"1a1c01bbd47fc00a2c39e90264f33305004495a9","hash":"5ea8400a249470e6084c86af03279c7d1442970e"}
,"C:\\Users\\bened\\Desktop\\Uni\\Sem 6 - Test\\Mandatory 1\\data\\sudoku1.js": {"path":"C:\\Users\\bened\\Desktop\\Uni\\Sem 6 - Test\\Mandatory 1\\data\\sudoku1.js","statementMap":{"0":{"start":{"line":1,"column":0},"end":{"line":11,"column":2}},"1":{"start":{"line":13,"column":0},"end":{"line":23,"column":2}},"2":{"start":{"line":25,"column":0},"end":{"line":35,"column":2}},"3":{"start":{"line":38,"column":0},"end":{"line":48,"column":2}},"4":{"start":{"line":50,"column":0},"end":{"line":60,"column":2}},"5":{"start":{"line":62,"column":0},"end":{"line":72,"column":2}},"6":{"start":{"line":74,"column":0},"end":{"line":84,"column":2}},"7":{"start":{"line":86,"column":0},"end":{"line":96,"column":2}},"8":{"start":{"line":98,"column":0},"end":{"line":108,"column":2}},"9":{"start":{"line":110,"column":0},"end":{"line":120,"column":2}},"10":{"start":{"line":122,"column":0},"end":{"line":132,"column":2}},"11":{"start":{"line":134,"column":0},"end":{"line":144,"column":2}},"12":{"start":{"line":146,"column":0},"end":{"line":156,"column":2}},"13":{"start":{"line":158,"column":0},"end":{"line":168,"column":2}}},"fnMap":{},"branchMap":{},"s":{"0":5,"1":5,"2":5,"3":5,"4":5,"5":5,"6":5,"7":5,"8":5,"9":5,"10":5,"11":5,"12":5,"13":5},"f":{},"b":{},"_coverageSchema":"1a1c01bbd47fc00a2c39e90264f33305004495a9","hash":"a23e2b896665154d48c9c3eb7d609c626c324405"}
}
