TN:
SF:controller.js
FN:2,(anonymous_0)
FN:16,(anonymous_1)
FN:80,(anonymous_2)
FN:98,(anonymous_3)
FN:121,(anonymous_4)
FN:158,(anonymous_5)
FN:171,(anonymous_6)
FNF:7
FNH:6
FNDA:8,(anonymous_0)
FNDA:41,(anonymous_1)
FNDA:40,(anonymous_2)
FNDA:24,(anonymous_3)
FNDA:21,(anonymous_4)
FNDA:164,(anonymous_5)
FNDA:0,(anonymous_6)
DA:3,8
DA:4,8
DA:5,8
DA:8,8
DA:9,8
DA:10,8
DA:11,8
DA:12,8
DA:14,8
DA:18,41
DA:19,1
DA:20,1
DA:26,40
DA:27,12
DA:29,0
DA:30,0
DA:31,0
DA:32,0
DA:34,12
DA:35,3
DA:36,3
DA:37,3
DA:38,3
DA:39,3
DA:40,3
DA:43,12
DA:44,12
DA:48,28
DA:49,3
DA:50,3
DA:51,3
DA:52,0
DA:53,0
DA:54,0
DA:55,0
DA:62,40
DA:63,16
DA:64,16
DA:65,16
DA:67,0
DA:72,24
DA:77,24
DA:81,40
DA:82,12
DA:84,28
DA:85,0
DA:86,0
DA:87,28
DA:88,2
DA:89,2
DA:91,26
DA:99,24
DA:100,18
DA:101,0
DA:102,0
DA:104,18
DA:106,18
DA:109,6
DA:110,2
DA:111,2
DA:113,4
DA:114,4
DA:122,21
DA:123,21
DA:125,21
DA:126,1
DA:127,20
DA:128,1
DA:129,19
DA:130,1
DA:131,18
DA:132,0
DA:133,18
DA:134,1
DA:135,17
DA:136,1
DA:137,16
DA:138,2
DA:139,14
DA:140,5
DA:141,9
DA:142,9
DA:147,21
DA:148,14
DA:151,7
DA:152,2
DA:155,5
DA:159,164
DA:160,146
DA:161,2
DA:162,2
DA:164,144
DA:165,144
DA:168,18
DA:172,0
DA:173,0
DA:174,0
DA:175,0
DA:176,0
DA:177,0
DA:178,0
DA:179,0
DA:183,5
LF:103
LH:81
BRDA:18,0,0,1
BRDA:18,0,1,40
BRDA:26,1,0,12
BRDA:26,1,1,28
BRDA:27,2,0,0
BRDA:27,2,1,12
BRDA:34,3,0,3
BRDA:34,3,1,9
BRDA:48,4,0,3
BRDA:48,4,1,25
BRDA:50,5,0,3
BRDA:50,5,1,0
BRDA:51,6,0,0
BRDA:51,6,1,3
BRDA:62,7,0,16
BRDA:62,7,1,24
BRDA:62,8,0,40
BRDA:62,8,1,16
BRDA:63,9,0,16
BRDA:63,9,1,0
BRDA:81,10,0,12
BRDA:81,10,1,28
BRDA:84,11,0,0
BRDA:84,11,1,28
BRDA:84,12,0,28
BRDA:84,12,1,2
BRDA:87,13,0,2
BRDA:87,13,1,26
BRDA:99,14,0,18
BRDA:99,14,1,6
BRDA:100,15,0,0
BRDA:100,15,1,18
BRDA:109,16,0,2
BRDA:109,16,1,4
BRDA:125,17,0,1
BRDA:125,17,1,20
BRDA:125,18,0,21
BRDA:125,18,1,3
BRDA:127,19,0,1
BRDA:127,19,1,19
BRDA:127,20,0,20
BRDA:127,20,1,7
BRDA:129,21,0,1
BRDA:129,21,1,18
BRDA:129,22,0,19
BRDA:129,22,1,11
BRDA:131,23,0,0
BRDA:131,23,1,18
BRDA:131,24,0,18
BRDA:131,24,1,2
BRDA:133,25,0,1
BRDA:133,25,1,17
BRDA:133,26,0,18
BRDA:133,26,1,6
BRDA:135,27,0,1
BRDA:135,27,1,16
BRDA:135,28,0,17
BRDA:135,28,1,10
BRDA:137,29,0,2
BRDA:137,29,1,14
BRDA:137,30,0,16
BRDA:137,30,1,2
BRDA:139,31,0,5
BRDA:139,31,1,9
BRDA:139,32,0,14
BRDA:139,32,1,5
BRDA:141,33,0,9
BRDA:141,33,1,0
BRDA:141,34,0,9
BRDA:141,34,1,9
BRDA:147,35,0,14
BRDA:147,35,1,7
BRDA:151,36,0,2
BRDA:151,36,1,5
BRDA:159,37,0,146
BRDA:159,37,1,18
BRDA:160,38,0,2
BRDA:160,38,1,144
BRF:78
BRH:70
end_of_record
TN:
SF:data\sudoku1.js
FNF:0
FNH:0
DA:1,5
DA:13,5
DA:25,5
DA:38,5
DA:50,5
DA:62,5
DA:74,5
DA:86,5
DA:98,5
DA:110,5
DA:122,5
DA:134,5
DA:146,5
DA:158,5
LF:14
LH:14
BRF:0
BRH:0
end_of_record
